<?xml version="1.0" encoding="UTF-8"?>
<testsuite xmlns:xsi="http://www.w3.org/2001/XMLSchema-instance" xsi:noNamespaceSchemaLocation="https://maven.apache.org/surefire/maven-surefire-plugin/xsd/surefire-test-report-3.0.xsd" version="3.0" name="adt.bst.StudentBSTTest" time="0.052" tests="12" errors="0" skipped="0" failures="0">
  <properties>
[...]
</properties>
  <testcase name="testIsSimilar" classname="adt.bst.StudentBSTTest" time="0.005"/>
  <testcase name="testSucessorPredecessor" classname="adt.bst.StudentBSTTest" time="0.0"/>
  <testcase name="testFloor" classname="adt.bst.StudentBSTTest" time="0.0"/>
  <testcase name="testCeil" classname="adt.bst.StudentBSTTest" time="0.0"/>
  <testcase name="testInit" classname="adt.bst.StudentBSTTest" time="0.001"/>
  <testcase name="testSize" classname="adt.bst.StudentBSTTest" time="0.0"/>
  <testcase name="testEquals" classname="adt.bst.StudentBSTTest" time="0.0"/>
  <testcase name="testHeight" classname="adt.bst.StudentBSTTest" time="0.0"/>
  <testcase name="testMinMax" classname="adt.bst.StudentBSTTest" time="0.0"/>
  <testcase name="testRemove" classname="adt.bst.StudentBSTTest" time="0.0"/>
  <testcase name="testSearch" classname="adt.bst.StudentBSTTest" time="0.0"/>
  <testcase name="testOrderStatistics" classname="adt.bst.StudentBSTTest" time="0.0"/>
</testsuite>